{
  "RSpec": {
    "coverage": {
      "/Users/shanerogers/projects/social_visualisation/socrada/app/controllers/application_controller.rb": [
        1,
        1,
        null,
        1,
        1,
        0,
        null,
        1,
        null
      ],
      "/Users/shanerogers/projects/social_visualisation/socrada/app/helpers/application_helper.rb": [
        1,
        null
      ],
      "/Users/shanerogers/projects/social_visualisation/socrada/app/helpers/home_helper.rb": [
        1,
        null
      ],
      "/Users/shanerogers/projects/social_visualisation/socrada/app/helpers/sessions_helper.rb": [
        1,
        null
      ],
      "/Users/shanerogers/projects/social_visualisation/socrada/app/helpers/users_helper.rb": [
        1,
        null
      ],
      "/Users/shanerogers/projects/social_visualisation/socrada/app/controllers/home_controller.rb": [
        1,
        null,
        1,
        null,
        null,
        null
      ],
      "/Users/shanerogers/projects/social_visualisation/socrada/app/controllers/sessions_controller.rb": [
        1,
        1,
        0,
        0,
        0,
        null,
        null,
        1,
        1,
        1,
        null,
        null
      ],
      "/Users/shanerogers/projects/social_visualisation/socrada/app/controllers/users_controller.rb": [
        1,
        1,
        null,
        null
      ],
      "/Users/shanerogers/projects/social_visualisation/socrada/app/models/user.rb": [
        1,
        1,
        null,
        1,
        0,
        null,
        null,
        1,
        0,
        0,
        0,
        0,
        null,
        null,
        null
      ]
    },
    "timestamp": 1369879151
  },
  "Cucumber Features": {
    "coverage": {
      "/Users/shanerogers/projects/social_visualisation/socrada/app/controllers/application_controller.rb": [
        1,
        1,
        null,
        1,
        1,
        2,
        null,
        1,
        null
      ],
      "/Users/shanerogers/projects/social_visualisation/socrada/app/helpers/application_helper.rb": [
        1,
        null
      ],
      "/Users/shanerogers/projects/social_visualisation/socrada/app/helpers/home_helper.rb": [
        1,
        null
      ],
      "/Users/shanerogers/projects/social_visualisation/socrada/app/helpers/sessions_helper.rb": [
        1,
        null
      ],
      "/Users/shanerogers/projects/social_visualisation/socrada/app/helpers/users_helper.rb": [
        1,
        null
      ],
      "/Users/shanerogers/projects/social_visualisation/socrada/app/controllers/home_controller.rb": [
        1,
        null,
        1,
        null,
        null,
        null
      ],
      "/Users/shanerogers/projects/social_visualisation/socrada/app/controllers/sessions_controller.rb": [
        1,
        1,
        1,
        1,
        1,
        null,
        null,
        1,
        0,
        0,
        null,
        null
      ],
      "/Users/shanerogers/projects/social_visualisation/socrada/app/controllers/users_controller.rb": [
        1,
        1,
        null,
        null
      ],
      "/Users/shanerogers/projects/social_visualisation/socrada/app/models/user.rb": [
        1,
        1,
        null,
        1,
        1,
        null,
        null,
        1,
        1,
        1,
        1,
        1,
        null,
        null,
        null
      ]
    },
    "timestamp": 1369879481
  }
}
